Traceback (most recent call last):
  File "/home/WUR/zhou111/miniconda3/envs/myenv/lib/python3.10/site-packages/xarray/core/dataset.py", line 1153, in _construct_dataarray
    variable = self._variables[name]
KeyError: 'critical_total_maincrop_N_runoff'

During handling of the above exception, another exception occurred:

Traceback (most recent call last):
  File "/home/WUR/zhou111/miniconda3/envs/myenv/lib/python3.10/site-packages/xarray/core/dataset.py", line 1252, in __getitem__
    return self._construct_dataarray(key)
  File "/home/WUR/zhou111/miniconda3/envs/myenv/lib/python3.10/site-packages/xarray/core/dataset.py", line 1155, in _construct_dataarray
    _, name, variable = _get_virtual_variable(self._variables, name, self.sizes)
  File "/home/WUR/zhou111/miniconda3/envs/myenv/lib/python3.10/site-packages/xarray/core/dataset_utils.py", line 79, in _get_virtual_variable
    raise KeyError(key)
KeyError: 'critical_total_maincrop_N_runoff'

The above exception was the direct cause of the following exception:

Traceback (most recent call last):
  File "/lustre/nobackup/WUR/ESG/zhou111/1_RQ1_Code/4_Plotting/Unused/1_Part1_CriticalLosses_Method3.py", line 51, in <module>
    N_runoff = ds_N["critical_total_maincrop_N_runoff"]
  File "/home/WUR/zhou111/miniconda3/envs/myenv/lib/python3.10/site-packages/xarray/core/dataset.py", line 1265, in __getitem__
    raise KeyError(message) from e
KeyError: "No variable named 'critical_total_maincrop_N_runoff'. Did you mean one of ('critical_maincrop_N_runoff',)?"
