Traceback (most recent call last):
  File "/home/WUR/zhou111/miniconda3/envs/myenv/lib/python3.10/site-packages/xarray/core/dataset.py", line 1153, in _construct_dataarray
    variable = self._variables[name]
KeyError: 'bulk_density'

During handling of the above exception, another exception occurred:

Traceback (most recent call last):
  File "/home/WUR/zhou111/miniconda3/envs/myenv/lib/python3.10/site-packages/xarray/core/dataset.py", line 1252, in __getitem__
    return self._construct_dataarray(key)
  File "/home/WUR/zhou111/miniconda3/envs/myenv/lib/python3.10/site-packages/xarray/core/dataset.py", line 1155, in _construct_dataarray
    _, name, variable = _get_virtual_variable(self._variables, name, self.sizes)
  File "/home/WUR/zhou111/miniconda3/envs/myenv/lib/python3.10/site-packages/xarray/core/dataset_utils.py", line 79, in _get_virtual_variable
    raise KeyError(key)
KeyError: 'bulk_density'

The above exception was the direct cause of the following exception:

Traceback (most recent call last):
  File "/lustre/nobackup/WUR/ESG/zhou111/1_RQ1_Code/4_Plotting/Demo_Main_Fig5.py", line 144, in <module>
    bd_df = (ds["bulk_density"] * mask).to_dataframe(name="bulk_density").reset_index().dropna()
  File "/home/WUR/zhou111/miniconda3/envs/myenv/lib/python3.10/site-packages/xarray/core/dataset.py", line 1265, in __getitem__
    raise KeyError(message) from e
KeyError: "No variable named 'bulk_density'. Variables on the dataset include ['Basin_mask', 'N_Runoff', 'P_Runoff', 'Crit_N_Runoff', 'Crit_P_Runoff', ..., 'Irri_exceedance', 'N_exceedance', 'P_exceedance', 'lat', 'lon']"
